[0.234s] colcon DEBUG Command line arguments: ['/usr/bin/colcon', 'list', '-n']
[0.235s] colcon DEBUG Parsed command line arguments: Namespace(base_paths=['.'], build_base='build', ignore_user_meta=False, log_base=None, log_level=None, main=<bound method ListVerb.main of <colcon_package_information.verb.list.ListVerb object at 0x7f828b8376a0>>, metas=['./colcon.meta'], names_only=True, packages_above=None, packages_above_and_dependencies=None, packages_above_depth=None, packages_end=None, packages_ignore=None, packages_ignore_regex=None, packages_select=None, packages_select_build_failed=False, packages_select_by_dep=None, packages_select_regex=None, packages_select_test_failures=False, packages_skip=None, packages_skip_build_finished=False, packages_skip_by_dep=None, packages_skip_regex=None, packages_skip_test_passed=False, packages_skip_up_to=None, packages_start=None, packages_up_to=None, packages_up_to_regex=None, paths=None, paths_only=False, topological_graph=False, topological_graph_density=False, topological_graph_dot=False, topological_graph_dot_cluster=False, topological_graph_dot_include_skipped=False, topological_graph_legend=False, topological_order=False, verb_extension=<colcon_package_information.verb.list.ListVerb object at 0x7f828b8376a0>, verb_name='list', verb_parser=<colcon_defaults.argument_parser.defaults.DefaultArgumentsDecorator object at 0x7f828b7b3400>)
[0.250s] colcon.colcon_core.package_discovery Level 1 discover_packages(colcon_meta) check parameters
[0.250s] colcon.colcon_core.package_discovery Level 1 discover_packages(recursive) check parameters
[0.250s] colcon.colcon_core.package_discovery Level 1 discover_packages(ignore) check parameters
[0.250s] colcon.colcon_core.package_discovery Level 1 discover_packages(path) check parameters
[0.250s] colcon.colcon_core.package_discovery Level 1 discover_packages(colcon_meta) discover
[0.250s] colcon.colcon_core.package_discovery Level 1 discover_packages(recursive) discover
[0.250s] colcon.colcon_core.package_discovery INFO Crawling recursively for packages in '/home/song/ota_ui_test_ws/remote_control_w_ota_ui'
[0.250s] colcon.colcon_core.package_identification Level 1 _identify(.) by extensions ['ignore', 'ignore_ament_install']
[0.250s] colcon.colcon_core.package_identification Level 1 _identify(.) by extension 'ignore'
[0.250s] colcon.colcon_core.package_identification Level 1 _identify(.) by extension 'ignore_ament_install'
[0.250s] colcon.colcon_core.package_identification Level 1 _identify(.) by extensions ['colcon_pkg']
[0.250s] colcon.colcon_core.package_identification Level 1 _identify(.) by extension 'colcon_pkg'
[0.250s] colcon.colcon_core.package_identification Level 1 _identify(.) by extensions ['colcon_meta']
[0.250s] colcon.colcon_core.package_identification Level 1 _identify(.) by extension 'colcon_meta'
[0.250s] colcon.colcon_core.package_identification Level 1 _identify(.) by extensions ['ros']
[0.250s] colcon.colcon_core.package_identification Level 1 _identify(.) by extension 'ros'
[0.259s] colcon.colcon_core.package_identification Level 1 _identify(.) by extensions ['cmake', 'python']
[0.259s] colcon.colcon_core.package_identification Level 1 _identify(.) by extension 'cmake'
[0.259s] colcon.colcon_core.package_identification Level 1 _identify(.) by extension 'python'
[0.260s] colcon.colcon_core.package_identification Level 1 _identify(.) by extensions ['python_setup_py']
[0.260s] colcon.colcon_core.package_identification Level 1 _identify(.) by extension 'python_setup_py'
[0.260s] colcon.colcon_core.package_identification Level 1 _identify(log) by extensions ['ignore', 'ignore_ament_install']
[0.260s] colcon.colcon_core.package_identification Level 1 _identify(log) by extension 'ignore'
[0.260s] colcon.colcon_core.package_identification Level 1 _identify(log) ignored
[0.260s] colcon.colcon_core.package_identification Level 1 _identify(remote_control_w_ota_ui) by extensions ['ignore', 'ignore_ament_install']
[0.260s] colcon.colcon_core.package_identification Level 1 _identify(remote_control_w_ota_ui) by extension 'ignore'
[0.260s] colcon.colcon_core.package_identification Level 1 _identify(remote_control_w_ota_ui) by extension 'ignore_ament_install'
[0.260s] colcon.colcon_core.package_identification Level 1 _identify(remote_control_w_ota_ui) by extensions ['colcon_pkg']
[0.260s] colcon.colcon_core.package_identification Level 1 _identify(remote_control_w_ota_ui) by extension 'colcon_pkg'
[0.260s] colcon.colcon_core.package_identification Level 1 _identify(remote_control_w_ota_ui) by extensions ['colcon_meta']
[0.260s] colcon.colcon_core.package_identification Level 1 _identify(remote_control_w_ota_ui) by extension 'colcon_meta'
[0.260s] colcon.colcon_core.package_identification Level 1 _identify(remote_control_w_ota_ui) by extensions ['ros']
[0.260s] colcon.colcon_core.package_identification Level 1 _identify(remote_control_w_ota_ui) by extension 'ros'
[0.260s] colcon.colcon_core.package_identification Level 1 _identify(remote_control_w_ota_ui) by extensions ['cmake', 'python']
[0.260s] colcon.colcon_core.package_identification Level 1 _identify(remote_control_w_ota_ui) by extension 'cmake'
[0.260s] colcon.colcon_core.package_identification Level 1 _identify(remote_control_w_ota_ui) by extension 'python'
[0.260s] colcon.colcon_core.package_identification Level 1 _identify(remote_control_w_ota_ui) by extensions ['python_setup_py']
[0.260s] colcon.colcon_core.package_identification Level 1 _identify(remote_control_w_ota_ui) by extension 'python_setup_py'
[0.260s] colcon.colcon_core.package_discovery Level 1 discover_packages(recursive) using defaults
[0.260s] colcon.colcon_core.package_discovery Level 1 discover_packages(ignore) discover
[0.260s] colcon.colcon_core.package_discovery Level 1 discover_packages(ignore) using defaults
[0.260s] colcon.colcon_core.package_discovery Level 1 discover_packages(path) discover
[0.260s] colcon.colcon_core.package_discovery Level 1 discover_packages(path) using defaults
